This file contains any messages produced by compilers while
running configure, to aid debugging if configure makes a mistake.

It was created by 4ti2gap configure 0.0.2, which was
generated by GNU Autoconf 2.69.  Invocation command line was

  $ ./configure --with-gaproot=/Users/pedro/gap4r7 --with-4ti2=/Users/pedro/lib/4ti2 --with-gmp=/Users/pedro/lib/gmp

## --------- ##
## Platform. ##
## --------- ##

hostname = cvi028121.ugr.es
uname -m = x86_64
uname -r = 14.1.0
uname -s = Darwin
uname -v = Darwin Kernel Version 14.1.0: Mon Dec 22 23:10:38 PST 2014; root:xnu-2782.10.72~2/RELEASE_X86_64

/usr/bin/uname -p = i386
/bin/uname -X     = unknown

/bin/arch              = unknown
/usr/bin/arch -k       = unknown
/usr/convex/getsysinfo = unknown
/usr/bin/hostinfo      = Mach kernel version:
	 Darwin Kernel Version 14.1.0: Mon Dec 22 23:10:38 PST 2014; root:xnu-2782.10.72~2/RELEASE_X86_64
Kernel configured for up to 8 processors.
4 processors are physically available.
8 processors are logically available.
Processor type: i486 (Intel 80486)
Processors active: 0 1 2 3 4 5 6 7
Primary memory available: 16.00 gigabytes
Default processor set: 230 tasks, 1073 threads, 8 processors
Load average: 0.43, Mach factor: 7.56
/bin/machine           = unknown
/usr/bin/oslevel       = unknown
/bin/universe          = unknown

PATH: /opt/local/bin
PATH: /opt/local/sbin
PATH: /opt/local/bin
PATH: /opt/local/sbin
PATH: /usr/local/bin
PATH: /usr/bin
PATH: /bin
PATH: /usr/sbin
PATH: /sbin
PATH: /opt/X11/bin
PATH: /usr/texbin


## ----------- ##
## Core tests. ##
## ----------- ##

configure:2544: checking build system type
configure:2558: result: x86_64-apple-darwin14.1.0
configure:2578: checking host system type
configure:2591: result: x86_64-apple-darwin14.1.0
configure:2628: checking for a BSD-compatible install
configure:2696: result: /opt/local/bin/ginstall -c
configure:2707: checking whether build environment is sane
configure:2762: result: yes
configure:2913: checking for a thread-safe mkdir -p
configure:2952: result: /opt/local/bin/gmkdir -p
configure:2959: checking for gawk
configure:2989: result: no
configure:2959: checking for mawk
configure:2989: result: no
configure:2959: checking for nawk
configure:2989: result: no
configure:2959: checking for awk
configure:2975: found /usr/bin/awk
configure:2986: result: awk
configure:2997: checking whether make sets $(MAKE)
configure:3019: result: yes
configure:3048: checking whether make supports nested variables
configure:3065: result: yes
configure:3202: checking whether make supports nested variables
configure:3219: result: yes
configure:3242: checking for style of include used by make
configure:3270: result: GNU
configure:3341: checking for gcc
configure:3357: found /usr/bin/gcc
configure:3368: result: gcc
configure:3597: checking for C compiler version
configure:3606: gcc --version >&5
Apple LLVM version 6.0 (clang-600.0.56) (based on LLVM 3.5svn)
Target: x86_64-apple-darwin14.1.0
Thread model: posix
Configured with: --prefix=/Applications/Xcode.app/Contents/Developer/usr --with-gxx-include-dir=/usr/include/c++/4.2.1
configure:3617: $? = 0
configure:3606: gcc -v >&5
Configured with: --prefix=/Applications/Xcode.app/Contents/Developer/usr --with-gxx-include-dir=/usr/include/c++/4.2.1
Apple LLVM version 6.0 (clang-600.0.56) (based on LLVM 3.5svn)
Target: x86_64-apple-darwin14.1.0
Thread model: posix
configure:3617: $? = 0
configure:3606: gcc -V >&5
clang: error: argument to '-V' is missing (expected 1 value)
clang: error: no input files
configure:3617: $? = 1
configure:3606: gcc -qversion >&5
clang: error: unknown argument: '-qversion'
clang: error: no input files
configure:3617: $? = 1
configure:3637: checking whether the C compiler works
configure:3659: gcc    conftest.c  >&5
configure:3663: $? = 0
configure:3711: result: yes
configure:3714: checking for C compiler default output file name
configure:3716: result: a.out
configure:3722: checking for suffix of executables
configure:3729: gcc -o conftest    conftest.c  >&5
configure:3733: $? = 0
configure:3755: result: 
configure:3777: checking whether we are cross compiling
configure:3785: gcc -o conftest    conftest.c  >&5
configure:3789: $? = 0
configure:3796: ./conftest
configure:3800: $? = 0
configure:3815: result: no
configure:3820: checking for suffix of object files
configure:3842: gcc -c   conftest.c >&5
configure:3846: $? = 0
configure:3867: result: o
configure:3871: checking whether we are using the GNU C compiler
configure:3890: gcc -c   conftest.c >&5
configure:3890: $? = 0
configure:3899: result: yes
configure:3908: checking whether gcc accepts -g
configure:3928: gcc -c -g  conftest.c >&5
configure:3928: $? = 0
configure:3969: result: yes
configure:3986: checking for gcc option to accept ISO C89
configure:4049: gcc  -c -g -O2  conftest.c >&5
configure:4049: $? = 0
configure:4062: result: none needed
configure:4087: checking whether gcc understands -c and -o together
configure:4109: gcc -c conftest.c -o conftest2.o
configure:4112: $? = 0
configure:4109: gcc -c conftest.c -o conftest2.o
configure:4112: $? = 0
configure:4124: result: yes
configure:4143: checking dependency style of gcc
configure:4254: result: gcc3
configure:4319: checking for ar
configure:4335: found /opt/local/bin/ar
configure:4346: result: ar
configure:4372: checking the archiver (ar) interface
configure:4388: gcc -c -g -O2  conftest.c >&5
configure:4388: $? = 0
configure:4390: ar cru libconftest.a conftest.o >&5
configure:4393: $? = 0
configure:4421: result: ar
configure:4500: checking for g++
configure:4516: found /usr/bin/g++
configure:4527: result: g++
configure:4554: checking for C++ compiler version
configure:4563: g++ --version >&5
Apple LLVM version 6.0 (clang-600.0.56) (based on LLVM 3.5svn)
Target: x86_64-apple-darwin14.1.0
Thread model: posix
Configured with: --prefix=/Applications/Xcode.app/Contents/Developer/usr --with-gxx-include-dir=/usr/include/c++/4.2.1
configure:4574: $? = 0
configure:4563: g++ -v >&5
Configured with: --prefix=/Applications/Xcode.app/Contents/Developer/usr --with-gxx-include-dir=/usr/include/c++/4.2.1
Apple LLVM version 6.0 (clang-600.0.56) (based on LLVM 3.5svn)
Target: x86_64-apple-darwin14.1.0
Thread model: posix
configure:4574: $? = 0
configure:4563: g++ -V >&5
clang: error: argument to '-V' is missing (expected 1 value)
clang: error: no input files
configure:4574: $? = 1
configure:4563: g++ -qversion >&5
clang: error: unknown argument: '-qversion'
clang: error: no input files
configure:4574: $? = 1
configure:4578: checking whether we are using the GNU C++ compiler
configure:4597: g++ -c   conftest.cpp >&5
configure:4597: $? = 0
configure:4606: result: yes
configure:4615: checking whether g++ accepts -g
configure:4635: g++ -c -g  conftest.cpp >&5
configure:4635: $? = 0
configure:4676: result: yes
configure:4701: checking dependency style of g++
configure:4812: result: gcc3
configure:4836: checking whether C++ compiler accepts -std=c99
configure:4855: g++ -c -g -O2  -std=c99  conftest.cpp >&5
error: invalid argument '-std=c99' not allowed with 'C++/ObjC++'
configure:4855: $? = 1
configure: failed program was:
| /* confdefs.h */
| #define PACKAGE_NAME "4ti2gap"
| #define PACKAGE_TARNAME "4ti2gap"
| #define PACKAGE_VERSION "0.0.2"
| #define PACKAGE_STRING "4ti2gap 0.0.2"
| #define PACKAGE_BUGREPORT ""
| #define PACKAGE_URL ""
| #define PACKAGE "4ti2gap"
| #define VERSION "0.0.2"
| /* end confdefs.h.  */
| 
| int
| main ()
| {
| 
|   ;
|   return 0;
| }
configure:4863: result: no
configure:4958: checking how to print strings
configure:4985: result: printf
configure:5006: checking for a sed that does not truncate output
configure:5070: result: /usr/bin/sed
configure:5088: checking for grep that handles long lines and -e
configure:5146: result: /usr/bin/grep
configure:5151: checking for egrep
configure:5213: result: /usr/bin/grep -E
configure:5218: checking for fgrep
configure:5280: result: /usr/bin/grep -F
configure:5315: checking for ld used by gcc
configure:5382: result: /Applications/Xcode.app/Contents/Developer/Toolchains/XcodeDefault.xctoolchain/usr/bin/ld
configure:5389: checking if the linker (/Applications/Xcode.app/Contents/Developer/Toolchains/XcodeDefault.xctoolchain/usr/bin/ld) is GNU ld
configure:5404: result: no
configure:5416: checking for BSD- or MS-compatible name lister (nm)
configure:5465: result: /opt/local/bin/nm
configure:5595: checking the name lister (/opt/local/bin/nm) interface
configure:5602: g++ -c -g -O2  conftest.cpp >&5
configure:5605: /opt/local/bin/nm "conftest.o"
configure:5608: output
0000000000000224 S _some_variable
configure:5615: result: BSD nm
configure:5618: checking whether ln -s works
configure:5622: result: yes
configure:5630: checking the maximum length of command line arguments
configure:5760: result: 196608
configure:5777: checking whether the shell understands some XSI constructs
configure:5787: result: yes
configure:5791: checking whether the shell understands "+="
configure:5797: result: yes
configure:5832: checking how to convert x86_64-apple-darwin14.1.0 file names to x86_64-apple-darwin14.1.0 format
configure:5872: result: func_convert_file_noop
configure:5879: checking how to convert x86_64-apple-darwin14.1.0 file names to toolchain format
configure:5899: result: func_convert_file_noop
configure:5906: checking for /Applications/Xcode.app/Contents/Developer/Toolchains/XcodeDefault.xctoolchain/usr/bin/ld option to reload object files
configure:5913: result: -r
configure:5987: checking for objdump
configure:6017: result: no
configure:6043: checking how to recognize dependent libraries
configure:6245: result: pass_all
configure:6330: checking for dlltool
configure:6360: result: no
configure:6387: checking how to associate runtime and link libraries
configure:6414: result: printf %s\n
configure:6538: checking for archiver @FILE support
configure:6555: g++ -c -g -O2  conftest.cpp >&5
configure:6555: $? = 0
configure:6558: ar cru libconftest.a @conftest.lst >&5
ar: @conftest.lst: No such file or directory
configure:6561: $? = 1
configure:6581: result: no
configure:6639: checking for strip
configure:6655: found /opt/local/bin/strip
configure:6666: result: strip
configure:6738: checking for ranlib
configure:6754: found /opt/local/bin/ranlib
configure:6765: result: ranlib
configure:6867: checking command to parse /opt/local/bin/nm output from gcc object
configure:6987: g++ -c -g -O2  conftest.cpp >&5
configure:6990: $? = 0
configure:6994: /opt/local/bin/nm conftest.o \| sed -n -e 's/^.*[ ]\([BCDEGRST][BCDEGRST]*\)[ ][ ]*\([_A-Za-z][_A-Za-z0-9]*\)$/\1 \2 \2/p' | sed '/ __gnu_lto/d' \> conftest.nm
configure:6997: $? = 0
cannot find nm_test_var in conftest.nm
configure:6987: g++ -c -g -O2  conftest.cpp >&5
configure:6990: $? = 0
configure:6994: /opt/local/bin/nm conftest.o \| sed -n -e 's/^.*[ ]\([BCDEGRST][BCDEGRST]*\)[ ][ ]*_\([_A-Za-z][_A-Za-z0-9]*\)$/\1 _\2 \2/p' | sed '/ __gnu_lto/d' \> conftest.nm
configure:6997: $? = 0
configure:7063: g++ -o conftest -g -O2   conftest.cpp conftstm.o >&5
configure:7066: $? = 0
configure:7104: result: ok
configure:7141: checking for sysroot
configure:7171: result: no
configure:7427: checking for mt
configure:7457: result: no
configure:7477: checking if : is a manifest tool
configure:7483: : '-?'
configure:7491: result: no
configure:7547: checking for dsymutil
configure:7563: found /usr/bin/dsymutil
configure:7574: result: dsymutil
configure:7639: checking for nmedit
configure:7655: found /opt/local/bin/nmedit
configure:7666: result: nmedit
configure:7731: checking for lipo
configure:7747: found /opt/local/bin/lipo
configure:7758: result: lipo
configure:7823: checking for otool
configure:7839: found /opt/local/bin/otool
configure:7850: result: otool
configure:7915: checking for otool64
configure:7945: result: no
configure:7990: checking for -single_module linker flag
gcc -g -O2  -o libconftest.dylib -dynamiclib -Wl,-single_module conftest.c
configure:8023: result: yes
configure:8026: checking for -exported_symbols_list linker flag
configure:8046: g++ -o conftest -g -O2   -Wl,-exported_symbols_list,conftest.sym conftest.cpp  >&5
configure:8046: $? = 0
configure:8056: result: yes
configure:8059: checking for -force_load linker flag
gcc -g -O2 -c -o conftest.o conftest.c
ar cru libconftest.a conftest.o
ranlib libconftest.a
gcc -g -O2  -o conftest conftest.c -Wl,-force_load,./libconftest.a
configure:8091: result: yes
configure:8133: checking how to run the C preprocessor
configure:8164: gcc -E  conftest.c
configure:8164: $? = 0
configure:8178: gcc -E  conftest.c
conftest.c:11:10: fatal error: 'ac_nonexistent.h' file not found
#include <ac_nonexistent.h>
         ^
1 error generated.
configure:8178: $? = 1
configure: failed program was:
| /* confdefs.h */
| #define PACKAGE_NAME "4ti2gap"
| #define PACKAGE_TARNAME "4ti2gap"
| #define PACKAGE_VERSION "0.0.2"
| #define PACKAGE_STRING "4ti2gap 0.0.2"
| #define PACKAGE_BUGREPORT ""
| #define PACKAGE_URL ""
| #define PACKAGE "4ti2gap"
| #define VERSION "0.0.2"
| /* end confdefs.h.  */
| #include <ac_nonexistent.h>
configure:8203: result: gcc -E
configure:8223: gcc -E  conftest.c
configure:8223: $? = 0
configure:8237: gcc -E  conftest.c
conftest.c:11:10: fatal error: 'ac_nonexistent.h' file not found
#include <ac_nonexistent.h>
         ^
1 error generated.
configure:8237: $? = 1
configure: failed program was:
| /* confdefs.h */
| #define PACKAGE_NAME "4ti2gap"
| #define PACKAGE_TARNAME "4ti2gap"
| #define PACKAGE_VERSION "0.0.2"
| #define PACKAGE_STRING "4ti2gap 0.0.2"
| #define PACKAGE_BUGREPORT ""
| #define PACKAGE_URL ""
| #define PACKAGE "4ti2gap"
| #define VERSION "0.0.2"
| /* end confdefs.h.  */
| #include <ac_nonexistent.h>
configure:8266: checking for ANSI C header files
configure:8286: gcc -c -g -O2  conftest.c >&5
configure:8286: $? = 0
configure:8359: gcc -o conftest -g -O2   conftest.c  >&5
configure:8359: $? = 0
configure:8359: ./conftest
configure:8359: $? = 0
configure:8370: result: yes
configure:8383: checking for sys/types.h
configure:8383: gcc -c -g -O2  conftest.c >&5
configure:8383: $? = 0
configure:8383: result: yes
configure:8383: checking for sys/stat.h
configure:8383: gcc -c -g -O2  conftest.c >&5
configure:8383: $? = 0
configure:8383: result: yes
configure:8383: checking for stdlib.h
configure:8383: gcc -c -g -O2  conftest.c >&5
configure:8383: $? = 0
configure:8383: result: yes
configure:8383: checking for string.h
configure:8383: gcc -c -g -O2  conftest.c >&5
configure:8383: $? = 0
configure:8383: result: yes
configure:8383: checking for memory.h
configure:8383: gcc -c -g -O2  conftest.c >&5
configure:8383: $? = 0
configure:8383: result: yes
configure:8383: checking for strings.h
configure:8383: gcc -c -g -O2  conftest.c >&5
configure:8383: $? = 0
configure:8383: result: yes
configure:8383: checking for inttypes.h
configure:8383: gcc -c -g -O2  conftest.c >&5
configure:8383: $? = 0
configure:8383: result: yes
configure:8383: checking for stdint.h
configure:8383: gcc -c -g -O2  conftest.c >&5
configure:8383: $? = 0
configure:8383: result: yes
configure:8383: checking for unistd.h
configure:8383: gcc -c -g -O2  conftest.c >&5
configure:8383: $? = 0
configure:8383: result: yes
configure:8397: checking for dlfcn.h
configure:8397: gcc -c -g -O2  conftest.c >&5
configure:8397: $? = 0
configure:8397: result: yes
configure:8909: checking for objdir
configure:8924: result: .libs
configure:9195: checking if gcc supports -fno-rtti -fno-exceptions
configure:9213: gcc -c -g -O2  -fno-rtti -fno-exceptions conftest.c >&5
configure:9217: $? = 0
configure:9230: result: yes
configure:9557: checking for gcc option to produce PIC
configure:9564: result: -fno-common -DPIC
configure:9572: checking if gcc PIC flag -fno-common -DPIC works
configure:9590: gcc -c -g -O2  -fno-common -DPIC -DPIC conftest.c >&5
configure:9594: $? = 0
configure:9607: result: yes
configure:9636: checking if gcc static flag -static works
configure:9664: result: no
configure:9679: checking if gcc supports -c -o file.o
configure:9700: gcc -c -g -O2  -o out/conftest2.o conftest.c >&5
configure:9704: $? = 0
configure:9726: result: yes
configure:9734: checking if gcc supports -c -o file.o
configure:9781: result: yes
configure:9814: checking whether the gcc linker (/Applications/Xcode.app/Contents/Developer/Toolchains/XcodeDefault.xctoolchain/usr/bin/ld) supports shared libraries
configure:10967: result: yes
configure:11207: checking dynamic linker characteristics
configure:11940: result: darwin14.1.0 dyld
configure:12047: checking how to hardcode library paths into programs
configure:12072: result: immediate
configure:12117: checking for dlopen in -ldl
configure:12142: gcc -o conftest -g -O2   conftest.c -ldl   >&5
configure:12142: $? = 0
configure:12151: result: yes
configure:12366: checking whether a program can dlopen itself
configure:12446: gcc -o conftest -g -O2  -DHAVE_DLFCN_H   conftest.c -ldl  >&5
configure:12449: $? = 0
configure:12467: result: yes
configure:12472: checking whether a statically linked program can dlopen itself
configure:12552: gcc -o conftest -g -O2  -DHAVE_DLFCN_H    conftest.c -ldl  >&5
configure:12555: $? = 0
configure:12573: result: yes
configure:12612: checking whether stripping libraries is possible
configure:12626: result: yes
configure:12652: checking if libtool supports shared libraries
configure:12654: result: yes
configure:12657: checking whether to build shared libraries
configure:12678: result: yes
configure:12681: checking whether to build static libraries
configure:12685: result: no
configure:12708: checking how to run the C++ preprocessor
configure:12735: g++ -E  conftest.cpp
configure:12735: $? = 0
configure:12749: g++ -E  conftest.cpp
conftest.cpp:23:10: fatal error: 'ac_nonexistent.h' file not found
#include <ac_nonexistent.h>
         ^
1 error generated.
configure:12749: $? = 1
configure: failed program was:
| /* confdefs.h */
| #define PACKAGE_NAME "4ti2gap"
| #define PACKAGE_TARNAME "4ti2gap"
| #define PACKAGE_VERSION "0.0.2"
| #define PACKAGE_STRING "4ti2gap 0.0.2"
| #define PACKAGE_BUGREPORT ""
| #define PACKAGE_URL ""
| #define PACKAGE "4ti2gap"
| #define VERSION "0.0.2"
| #define STDC_HEADERS 1
| #define HAVE_SYS_TYPES_H 1
| #define HAVE_SYS_STAT_H 1
| #define HAVE_STDLIB_H 1
| #define HAVE_STRING_H 1
| #define HAVE_MEMORY_H 1
| #define HAVE_STRINGS_H 1
| #define HAVE_INTTYPES_H 1
| #define HAVE_STDINT_H 1
| #define HAVE_UNISTD_H 1
| #define HAVE_DLFCN_H 1
| #define LT_OBJDIR ".libs/"
| /* end confdefs.h.  */
| #include <ac_nonexistent.h>
configure:12774: result: g++ -E
configure:12794: g++ -E  conftest.cpp
configure:12794: $? = 0
configure:12808: g++ -E  conftest.cpp
conftest.cpp:23:10: fatal error: 'ac_nonexistent.h' file not found
#include <ac_nonexistent.h>
         ^
1 error generated.
configure:12808: $? = 1
configure: failed program was:
| /* confdefs.h */
| #define PACKAGE_NAME "4ti2gap"
| #define PACKAGE_TARNAME "4ti2gap"
| #define PACKAGE_VERSION "0.0.2"
| #define PACKAGE_STRING "4ti2gap 0.0.2"
| #define PACKAGE_BUGREPORT ""
| #define PACKAGE_URL ""
| #define PACKAGE "4ti2gap"
| #define VERSION "0.0.2"
| #define STDC_HEADERS 1
| #define HAVE_SYS_TYPES_H 1
| #define HAVE_SYS_STAT_H 1
| #define HAVE_STDLIB_H 1
| #define HAVE_STRING_H 1
| #define HAVE_MEMORY_H 1
| #define HAVE_STRINGS_H 1
| #define HAVE_INTTYPES_H 1
| #define HAVE_STDINT_H 1
| #define HAVE_UNISTD_H 1
| #define HAVE_DLFCN_H 1
| #define LT_OBJDIR ".libs/"
| /* end confdefs.h.  */
| #include <ac_nonexistent.h>
configure:12977: checking for ld used by g++
configure:13044: result: /Applications/Xcode.app/Contents/Developer/Toolchains/XcodeDefault.xctoolchain/usr/bin/ld
configure:13051: checking if the linker (/Applications/Xcode.app/Contents/Developer/Toolchains/XcodeDefault.xctoolchain/usr/bin/ld) is GNU ld
configure:13066: result: no
configure:13121: checking whether the g++ linker (/Applications/Xcode.app/Contents/Developer/Toolchains/XcodeDefault.xctoolchain/usr/bin/ld) supports shared libraries
configure:14126: result: yes
configure:14162: g++ -c -g -O2  conftest.cpp >&5
configure:14165: $? = 0
configure:14685: checking for g++ option to produce PIC
configure:14692: result: -fno-common -DPIC
configure:14700: checking if g++ PIC flag -fno-common -DPIC works
configure:14718: g++ -c -g -O2  -fno-common -DPIC -DPIC conftest.cpp >&5
configure:14722: $? = 0
configure:14735: result: yes
configure:14758: checking if g++ static flag -static works
configure:14786: result: no
configure:14798: checking if g++ supports -c -o file.o
configure:14819: g++ -c -g -O2  -o out/conftest2.o conftest.cpp >&5
configure:14823: $? = 0
configure:14845: result: yes
configure:14850: checking if g++ supports -c -o file.o
configure:14897: result: yes
configure:14927: checking whether the g++ linker (/Applications/Xcode.app/Contents/Developer/Toolchains/XcodeDefault.xctoolchain/usr/bin/ld) supports shared libraries
configure:14963: result: yes
configure:15104: checking dynamic linker characteristics
configure:15771: result: darwin14.1.0 dyld
configure:15824: checking how to hardcode library paths into programs
configure:15849: result: immediate
configure:15925: checking for CONFIGNAME
configure:15930: result: none
configure:15941: checking for GAP root directory
configure:15967: result: /Users/pedro/gap4r7
configure:15992: checking for GAP architecture
configure:16006: result: x86_64-apple-darwin14.1.0-gcc-default64
configure:16031: checking for GAP include files
configure:16034: result: /Users/pedro/gap4r7/src/compiled.h
configure:16041: checking for GAP config.h
configure:16044: result: /Users/pedro/gap4r7/bin/x86_64-apple-darwin14.1.0-gcc-default64/config.h
configure:16077: checking for GAP's gmp.h location
configure:16084: result: not found, GAP was compiled without its own GMP
configure:16139: checking for GMP
configure:16160: g++ -o conftest -g -O2  -I/Users/pedro/lib/gmp/include  conftest.cpp  -L/Users/pedro/lib/gmp/lib -lgmp >&5
configure:16160: $? = 0
configure:16162: result: found
configure:16172: checking if GMP has c++ interface available
configure:16185: g++ -o conftest -g -O2  -I/Users/pedro/lib/gmp/include  -I/Users/pedro/lib/gmp/include  conftest.cpp  -L/Users/pedro/lib/gmp/lib -lgmp -lgmpxx >&5
configure:16185: $? = 0
configure:16187: result: gmpxx found
configure:16239: checking for GMP support in 4ti2
configure:16256: g++ -o conftest -g -O2  -I/Users/pedro/lib/gmp/include  -I/Users/pedro/lib/4ti2/include -D_4ti2_GMP_  conftest.cpp  -L/Users/pedro/lib/4ti2/lib -l4ti2gmp >&5
configure:16256: $? = 0
configure:16259: result: yes
configure:16290: checking size of void **
configure:16295: g++ -o conftest -g -O2  -I/Users/pedro/lib/gmp/include   conftest.cpp  >&5
configure:16295: $? = 0
configure:16295: ./conftest
configure:16295: $? = 0
configure:16309: result: 8
configure:16466: checking that generated files are newer than configure
configure:16472: result: done
configure:16507: creating ./config.status

## ---------------------- ##
## Running config.status. ##
## ---------------------- ##

This file was extended by 4ti2gap config.status 0.0.2, which was
generated by GNU Autoconf 2.69.  Invocation command line was

  CONFIG_FILES    = 
  CONFIG_HEADERS  = 
  CONFIG_LINKS    = 
  CONFIG_COMMANDS = 
  $ ./config.status 

on cvi028121.ugr.es

config.status:1162: creating Makefile
config.status:1162: creating src/pkgconfig.h
config.status:1391: executing depfiles commands
config.status:1391: executing libtool commands

## ---------------- ##
## Cache variables. ##
## ---------------- ##

ac_cv_build=x86_64-apple-darwin14.1.0
ac_cv_c_compiler_gnu=yes
ac_cv_cxx_compiler_gnu=yes
ac_cv_env_CCC_set=
ac_cv_env_CCC_value=
ac_cv_env_CC_set=
ac_cv_env_CC_value=
ac_cv_env_CFLAGS_set=
ac_cv_env_CFLAGS_value=
ac_cv_env_CONFIGNAME_set=
ac_cv_env_CONFIGNAME_value=
ac_cv_env_CPPFLAGS_set=
ac_cv_env_CPPFLAGS_value=
ac_cv_env_CPP_set=
ac_cv_env_CPP_value=
ac_cv_env_CXXCPP_set=
ac_cv_env_CXXCPP_value=
ac_cv_env_CXXFLAGS_set=
ac_cv_env_CXXFLAGS_value=
ac_cv_env_CXX_set=
ac_cv_env_CXX_value=
ac_cv_env_LDFLAGS_set=
ac_cv_env_LDFLAGS_value=
ac_cv_env_LIBS_set=
ac_cv_env_LIBS_value=
ac_cv_env_build_alias_set=
ac_cv_env_build_alias_value=
ac_cv_env_host_alias_set=
ac_cv_env_host_alias_value=
ac_cv_env_target_alias_set=
ac_cv_env_target_alias_value=
ac_cv_header_dlfcn_h=yes
ac_cv_header_inttypes_h=yes
ac_cv_header_memory_h=yes
ac_cv_header_stdc=yes
ac_cv_header_stdint_h=yes
ac_cv_header_stdlib_h=yes
ac_cv_header_string_h=yes
ac_cv_header_strings_h=yes
ac_cv_header_sys_stat_h=yes
ac_cv_header_sys_types_h=yes
ac_cv_header_unistd_h=yes
ac_cv_host=x86_64-apple-darwin14.1.0
ac_cv_lib_dl_dlopen=yes
ac_cv_objext=o
ac_cv_path_EGREP='/usr/bin/grep -E'
ac_cv_path_FGREP='/usr/bin/grep -F'
ac_cv_path_GREP=/usr/bin/grep
ac_cv_path_SED=/usr/bin/sed
ac_cv_path_install='/opt/local/bin/ginstall -c'
ac_cv_path_mkdir=/opt/local/bin/gmkdir
ac_cv_prog_AWK=awk
ac_cv_prog_CPP='gcc -E'
ac_cv_prog_CXXCPP='g++ -E'
ac_cv_prog_ac_ct_AR=ar
ac_cv_prog_ac_ct_CC=gcc
ac_cv_prog_ac_ct_CXX=g++
ac_cv_prog_ac_ct_DSYMUTIL=dsymutil
ac_cv_prog_ac_ct_LIPO=lipo
ac_cv_prog_ac_ct_NMEDIT=nmedit
ac_cv_prog_ac_ct_OTOOL=otool
ac_cv_prog_ac_ct_RANLIB=ranlib
ac_cv_prog_ac_ct_STRIP=strip
ac_cv_prog_cc_c89=
ac_cv_prog_cc_g=yes
ac_cv_prog_cxx_g=yes
ac_cv_prog_make_make_set=yes
ac_cv_sizeof_void_pp=8
am_cv_CC_dependencies_compiler_type=gcc3
am_cv_CXX_dependencies_compiler_type=gcc3
am_cv_ar_interface=ar
am_cv_make_support_nested_variables=yes
am_cv_prog_cc_c_o=yes
ax_cv_check_cxxflags___std_c99=no
lt_cv_apple_cc_single_mod=yes
lt_cv_ar_at_file=no
lt_cv_deplibs_check_method=pass_all
lt_cv_dlopen=dlopen
lt_cv_dlopen_libs=-ldl
lt_cv_dlopen_self=yes
lt_cv_dlopen_self_static=yes
lt_cv_file_magic_cmd='$MAGIC_CMD'
lt_cv_file_magic_test_file=
lt_cv_ld_exported_symbols_list=yes
lt_cv_ld_force_load=yes
lt_cv_ld_reload_flag=-r
lt_cv_nm_interface='BSD nm'
lt_cv_objdir=.libs
lt_cv_path_LD=/Applications/Xcode.app/Contents/Developer/Toolchains/XcodeDefault.xctoolchain/usr/bin/ld
lt_cv_path_LDCXX=/Applications/Xcode.app/Contents/Developer/Toolchains/XcodeDefault.xctoolchain/usr/bin/ld
lt_cv_path_NM=/opt/local/bin/nm
lt_cv_path_mainfest_tool=no
lt_cv_prog_compiler_c_o=yes
lt_cv_prog_compiler_c_o_CXX=yes
lt_cv_prog_compiler_pic='-fno-common -DPIC'
lt_cv_prog_compiler_pic_CXX='-fno-common -DPIC'
lt_cv_prog_compiler_pic_works=yes
lt_cv_prog_compiler_pic_works_CXX=yes
lt_cv_prog_compiler_rtti_exceptions=yes
lt_cv_prog_compiler_static_works=no
lt_cv_prog_compiler_static_works_CXX=no
lt_cv_prog_gnu_ld=no
lt_cv_prog_gnu_ldcxx=no
lt_cv_sharedlib_from_linklib_cmd='printf %s\n'
lt_cv_sys_global_symbol_pipe='sed -n -e '\''s/^.*[	 ]\([BCDEGRST][BCDEGRST]*\)[	 ][	 ]*_\([_A-Za-z][_A-Za-z0-9]*\)$/\1 _\2 \2/p'\'' | sed '\''/ __gnu_lto/d'\'''
lt_cv_sys_global_symbol_to_c_name_address='sed -n -e '\''s/^: \([^ ]*\)[ ]*$/  {\"\1\", (void *) 0},/p'\'' -e '\''s/^[BCDEGRST]* \([^ ]*\) \([^ ]*\)$/  {"\2", (void *) \&\2},/p'\'''
lt_cv_sys_global_symbol_to_c_name_address_lib_prefix='sed -n -e '\''s/^: \([^ ]*\)[ ]*$/  {\"\1\", (void *) 0},/p'\'' -e '\''s/^[BCDEGRST]* \([^ ]*\) \(lib[^ ]*\)$/  {"\2", (void *) \&\2},/p'\'' -e '\''s/^[BCDEGRST]* \([^ ]*\) \([^ ]*\)$/  {"lib\2", (void *) \&\2},/p'\'''
lt_cv_sys_global_symbol_to_cdecl='sed -n -e '\''s/^T .* \(.*\)$/extern int \1();/p'\'' -e '\''s/^[BCDEGRST]* .* \(.*\)$/extern char \1;/p'\'''
lt_cv_sys_max_cmd_len=196608
lt_cv_to_host_file_cmd=func_convert_file_noop
lt_cv_to_tool_file_cmd=func_convert_file_noop

## ----------------- ##
## Output variables. ##
## ----------------- ##

ACLOCAL='${SHELL} /Users/pedro/Library/gap/4ti2gap/cnf/missing aclocal-1.15'
AMDEPBACKSLASH='\'
AMDEP_FALSE='#'
AMDEP_TRUE=''
AMTAR='$${TAR-tar}'
AM_BACKSLASH='\'
AM_DEFAULT_V='$(AM_DEFAULT_VERBOSITY)'
AM_DEFAULT_VERBOSITY='0'
AM_V='$(V)'
AR='ar'
AS='as'
AUTOCONF='${SHELL} /Users/pedro/Library/gap/4ti2gap/cnf/missing autoconf'
AUTOHEADER='${SHELL} /Users/pedro/Library/gap/4ti2gap/cnf/missing autoheader'
AUTOMAKE='${SHELL} /Users/pedro/Library/gap/4ti2gap/cnf/missing automake-1.15'
AWK='awk'
CC='gcc'
CCDEPMODE='depmode=gcc3'
CFLAGS='-g -O2'
CONFIGNAME=''
CPP='gcc -E'
CPPFLAGS=''
CXX='g++'
CXXCPP='g++ -E'
CXXDEPMODE='depmode=gcc3'
CXXFLAGS='-g -O2  -I/Users/pedro/lib/gmp/include'
CYGPATH_W='echo'
DEFS='-DHAVE_CONFIG_H'
DEPDIR='.deps'
DLLTOOL='false'
DSYMUTIL='dsymutil'
DUMPBIN=''
ECHO_C='\c'
ECHO_N=''
ECHO_T=''
EGREP='/usr/bin/grep -E'
EXEEXT=''
FGREP='/usr/bin/grep -F'
FTITLIB='-l4ti2int64'
FTIT_CPPFLAGS='-I/Users/pedro/lib/4ti2/include'
FTIT_LDFLAGS='-L/Users/pedro/lib/4ti2/lib'
FTIT_LDPATH='/Users/pedro/lib/4ti2/lib'
GAPARCH='x86_64-apple-darwin14.1.0-gcc-default64'
GAPROOT='/Users/pedro/gap4r7'
GAP_CPPFLAGS='-I/Users/pedro/gap4r7 -I/Users/pedro/gap4r7/bin/x86_64-apple-darwin14.1.0-gcc-default64'
GMP_CPPFLAGS='-I/Users/pedro/lib/gmp/include'
GMP_HOME='/Users/pedro/lib/gmp'
GMP_LIBS='-L/Users/pedro/lib/gmp/lib -lgmp -lgmpxx'
GREP='/usr/bin/grep'
INSTALL_DATA='${INSTALL} -m 644'
INSTALL_PROGRAM='${INSTALL}'
INSTALL_SCRIPT='${INSTALL}'
INSTALL_STRIP_PROGRAM='$(install_sh) -c -s'
INTBITS='-D_4ti2_INT64_'
LD='/Applications/Xcode.app/Contents/Developer/Toolchains/XcodeDefault.xctoolchain/usr/bin/ld'
LDFLAGS=''
LIBOBJS=''
LIBS=''
LIBTOOL='$(SHELL) $(top_builddir)/libtool'
LIPO='lipo'
LN_S='ln -s'
LTLIBOBJS=''
MAKEINFO='${SHELL} /Users/pedro/Library/gap/4ti2gap/cnf/missing makeinfo'
MANIFEST_TOOL=':'
MKDIR_P='/opt/local/bin/gmkdir -p'
NM='/opt/local/bin/nm'
NMEDIT='nmedit'
OBJDUMP='false'
OBJEXT='o'
OTOOL64=':'
OTOOL='otool'
PACKAGE='4ti2gap'
PACKAGE_BUGREPORT=''
PACKAGE_NAME='4ti2gap'
PACKAGE_STRING='4ti2gap 0.0.2'
PACKAGE_TARNAME='4ti2gap'
PACKAGE_URL=''
PACKAGE_VERSION='0.0.2'
PATH_SEPARATOR=':'
RANLIB='ranlib'
SED='/usr/bin/sed'
SET_MAKE=''
SHELL='/bin/sh'
STRIP='strip'
SYS_IS_CYGWIN_FALSE=''
SYS_IS_CYGWIN_TRUE='#'
VERSION='0.0.2'
WITH_GMPXX_FALSE='#'
WITH_GMPXX_TRUE=''
ac_ct_AR='ar'
ac_ct_CC='gcc'
ac_ct_CXX='g++'
ac_ct_DUMPBIN=''
am__EXEEXT_FALSE=''
am__EXEEXT_TRUE='#'
am__fastdepCC_FALSE='#'
am__fastdepCC_TRUE=''
am__fastdepCXX_FALSE='#'
am__fastdepCXX_TRUE=''
am__include='include'
am__isrc=''
am__leading_dot='.'
am__nodep='_no'
am__quote=''
am__tar='$${TAR-tar} chof - "$$tardir"'
am__untar='$${TAR-tar} xf -'
bindir='${exec_prefix}/bin'
build='x86_64-apple-darwin14.1.0'
build_alias=''
build_cpu='x86_64'
build_os='darwin14.1.0'
build_vendor='apple'
datadir='${datarootdir}'
datarootdir='${prefix}/share'
docdir='${datarootdir}/doc/${PACKAGE_TARNAME}'
dvidir='${docdir}'
exec_prefix='${prefix}'
gmp_found='yes'
gmpxx_found='yes'
host='x86_64-apple-darwin14.1.0'
host_alias=''
host_cpu='x86_64'
host_os='darwin14.1.0'
host_vendor='apple'
htmldir='${docdir}'
includedir='${prefix}/include'
infodir='${datarootdir}/info'
install_sh='${SHELL} /Users/pedro/Library/gap/4ti2gap/cnf/install-sh'
libdir='${exec_prefix}/lib'
libexecdir='${exec_prefix}/libexec'
localedir='${datarootdir}/locale'
localstatedir='${prefix}/var'
mandir='${datarootdir}/man'
mkdir_p='$(MKDIR_P)'
oldincludedir='/usr/include'
pdfdir='${docdir}'
prefix='/usr/local'
program_transform_name='s,x,x,'
psdir='${docdir}'
sbindir='${exec_prefix}/sbin'
sharedstatedir='${prefix}/com'
sysconfdir='${prefix}/etc'
target_alias=''

## ----------- ##
## confdefs.h. ##
## ----------- ##

/* confdefs.h */
#define PACKAGE_NAME "4ti2gap"
#define PACKAGE_TARNAME "4ti2gap"
#define PACKAGE_VERSION "0.0.2"
#define PACKAGE_STRING "4ti2gap 0.0.2"
#define PACKAGE_BUGREPORT ""
#define PACKAGE_URL ""
#define PACKAGE "4ti2gap"
#define VERSION "0.0.2"
#define STDC_HEADERS 1
#define HAVE_SYS_TYPES_H 1
#define HAVE_SYS_STAT_H 1
#define HAVE_STDLIB_H 1
#define HAVE_STRING_H 1
#define HAVE_MEMORY_H 1
#define HAVE_STRINGS_H 1
#define HAVE_INTTYPES_H 1
#define HAVE_STDINT_H 1
#define HAVE_UNISTD_H 1
#define HAVE_DLFCN_H 1
#define LT_OBJDIR ".libs/"
#define SIZEOF_VOID_PP 8
#define SYS_IS_CYGWIN32 0

configure: exit 0
